<?xml version="1.0" encoding="UTF-8"?>
<!-- Generated by org.testng.reporters.JUnitXMLReporter -->
<testsuite ignored="0" hostname="NOTEBOOK-ANDREI" failures="0" tests="6" name="Default test" time="0.415" errors="0" timestamp="2021-11-28T00:19:41 MSK">
  <testcase classname="by.epam.jwdshape.factory.ConeFactoryTest" name="testCorrectCreateConeByDoubleArray" time="0.371"/>
  <testcase classname="by.epam.jwdshape.factory.ConeFactoryTest" name="testCorrectCreateConeByParameters" time="0.001"/>
  <testcase classname="by.epam.jwdshape.factory.ConeFactoryTest" name="testCorrectCreateConeByPointAndParameters" time="0.001"/>
  <testcase classname="by.epam.jwdshape.factory.ConeFactoryTest" name="testIncorrectCreateConeByDoubleArray" time="0.004"/>
  <testcase classname="by.epam.jwdshape.factory.ConeFactoryTest" name="testIncorrectCreateConeByParameters" time="0.001"/>
  <testcase classname="by.epam.jwdshape.factory.ConeFactoryTest" name="testIncorrectCreateConeByPointParameters" time="0.001"/>
</testsuite> <!-- Default test -->
